Success (1):
site 499 ec312d1a-420c-4fb3-9448-5822e8d5c862_SITE "KYD App Site"

Referenced precedents that were not exported (5):
group 4791 _e-0000e606-62fc-8000-9b39-01075c01075c_17575
group 4792 _e-0000e606-62fc-8000-9b39-01075c01075c_17577
recordType 719 465044ae-1baa-48c7-ba0f-2c1420c062af
tempoReport 935 7a647f09-01b1-47a8-a597-a3186026cc30
taskReport 936 989f63b4-a030-4475-af7e-585c9ac2f46c

Trace:
2021-03-30 16:33:37.302 DEBUG site 499 ec312d1a-420c-4fb3-9448-5822e8d5c862_SITE Begin transport.
2021-03-30 16:33:37.302 DEBUG site 499 ec312d1a-420c-4fb3-9448-5822e8d5c862_SITE Retrieving object data.
2021-03-30 16:33:37.314 DEBUG site 499 ec312d1a-420c-4fb3-9448-5822e8d5c862_SITE Setting uuids of object references.
2021-03-30 16:33:37.314 DEBUG site 499 ec312d1a-420c-4fb3-9448-5822e8d5c862_SITE Processing reference: Role[name=site_administrator,groupIds=[4791]]
2021-03-30 16:33:37.315 DEBUG site 499 ec312d1a-420c-4fb3-9448-5822e8d5c862_SITE Processing reference: Role[name=site_viewer,groupIds=[4792]]
2021-03-30 16:33:37.317 DEBUG site 499 ec312d1a-420c-4fb3-9448-5822e8d5c862_SITE Processing reference: SiteTemplate.faviconRef
2021-03-30 16:33:37.317 DEBUG site 499 ec312d1a-420c-4fb3-9448-5822e8d5c862_SITE Processing reference: SiteTemplate.logoRef
2021-03-30 16:33:37.317 DEBUG site 499 ec312d1a-420c-4fb3-9448-5822e8d5c862_SITE Processing reference: SitePage.uiObject
2021-03-30 16:33:37.319 DEBUG site 499 ec312d1a-420c-4fb3-9448-5822e8d5c862_SITE Processing reference: SitePage.visibilityExpr
2021-03-30 16:33:37.319 DEBUG site 499 ec312d1a-420c-4fb3-9448-5822e8d5c862_SITE Processing reference: SitePage.uiObject
2021-03-30 16:33:37.321 DEBUG site 499 ec312d1a-420c-4fb3-9448-5822e8d5c862_SITE Processing reference: SitePage.visibilityExpr
2021-03-30 16:33:37.321 DEBUG site 499 ec312d1a-420c-4fb3-9448-5822e8d5c862_SITE Processing reference: SitePage.uiObject
2021-03-30 16:33:37.323 DEBUG site 499 ec312d1a-420c-4fb3-9448-5822e8d5c862_SITE Processing reference: SitePage.visibilityExpr
2021-03-30 16:33:37.323 DEBUG site 499 ec312d1a-420c-4fb3-9448-5822e8d5c862_SITE Processing reference: SiteTemplate.tasksInSitesViewerRefsFromUuids
2021-03-30 16:33:37.323 DEBUG site 499 ec312d1a-420c-4fb3-9448-5822e8d5c862_SITE Processing reference: SiteTemplate.tempoLinkViewerRefsFromUuids
2021-03-30 16:33:37.323 DEBUG site 499 ec312d1a-420c-4fb3-9448-5822e8d5c862_SITE Completing produce.
2021-03-30 16:33:37.323 DEBUG site 499 ec312d1a-420c-4fb3-9448-5822e8d5c862_SITE Exporting binary resources.
2021-03-30 16:33:37.323 DEBUG site 499 ec312d1a-420c-4fb3-9448-5822e8d5c862_SITE Serializing object to XML.
2021-03-30 16:33:37.327 DEBUG site 499 ec312d1a-420c-4fb3-9448-5822e8d5c862_SITE Object transported.
